{"C:\\Users\\juanp\\Desktop\\desarrollo-microservicios\\microservicio-auth\\src\\controllers\\auth.controller.js": {"path":"C:\\Users\\juanp\\Desktop\\desarrollo-microservicios\\microservicio-auth\\src\\controllers\\auth.controller.js","statementMap":{"0":{"start":{"line":4,"column":28},"end":{"line":28,"column":1}},"1":{"start":{"line":5,"column":38},"end":{"line":5,"column":46}},"2":{"start":{"line":7,"column":4},"end":{"line":27,"column":5}},"3":{"start":{"line":9,"column":26},"end":{"line":12,"column":9}},"4":{"start":{"line":14,"column":8},"end":{"line":16,"column":9}},"5":{"start":{"line":15,"column":12},"end":{"line":15,"column":77}},"6":{"start":{"line":19,"column":8},"end":{"line":22,"column":10}},"7":{"start":{"line":24,"column":8},"end":{"line":24,"column":66}},"8":{"start":{"line":26,"column":8},"end":{"line":26,"column":73}},"9":{"start":{"line":30,"column":25},"end":{"line":47,"column":1}},"10":{"start":{"line":31,"column":32},"end":{"line":31,"column":40}},"11":{"start":{"line":33,"column":4},"end":{"line":46,"column":5}},"12":{"start":{"line":34,"column":21},"end":{"line":37,"column":9}},"13":{"start":{"line":39,"column":8},"end":{"line":41,"column":9}},"14":{"start":{"line":40,"column":12},"end":{"line":40,"column":81}},"15":{"start":{"line":43,"column":8},"end":{"line":43,"column":78}},"16":{"start":{"line":45,"column":8},"end":{"line":45,"column":76}}},"fnMap":{"0":{"name":"(anonymous_0)","decl":{"start":{"line":4,"column":28},"end":{"line":4,"column":29}},"loc":{"start":{"line":4,"column":48},"end":{"line":28,"column":1}},"line":4},"1":{"name":"(anonymous_1)","decl":{"start":{"line":30,"column":25},"end":{"line":30,"column":26}},"loc":{"start":{"line":30,"column":45},"end":{"line":47,"column":1}},"line":30}},"branchMap":{"0":{"loc":{"start":{"line":14,"column":8},"end":{"line":16,"column":9}},"type":"if","locations":[{"start":{"line":14,"column":8},"end":{"line":16,"column":9}},{"start":{},"end":{}}],"line":14},"1":{"loc":{"start":{"line":39,"column":8},"end":{"line":41,"column":9}},"type":"if","locations":[{"start":{"line":39,"column":8},"end":{"line":41,"column":9}},{"start":{},"end":{}}],"line":39}},"s":{"0":1,"1":3,"2":3,"3":3,"4":2,"5":1,"6":1,"7":1,"8":1,"9":1,"10":3,"11":3,"12":3,"13":2,"14":1,"15":1,"16":1},"f":{"0":3,"1":3},"b":{"0":[1,1],"1":[1,1]},"inputSourceMap":null,"_coverageSchema":"1a1c01bbd47fc00a2c39e90264f33305004495a9","hash":"ddae558e437f0bf2c7aa15eaf7e625a9fca46096"}
}
